Symbol range map extraction starting
Processing 62 files
processing basashi\erm\client\ClientProxy.java
processing basashi\erm\config\ConfigProperty.java
processing basashi\erm\config\CustomConfig.java
processing basashi\erm\config\EntityConst.java
processing basashi\erm\config\ModConfig.java
processing basashi\erm\container\InventoryERMBase.java
processing basashi\erm\container\InventoryLittleGirl.java
processing basashi\erm\core\CommonProxy.java
processing basashi\erm\core\ModCommon.java
processing basashi\erm\core\Mod_ERM.java
processing basashi\erm\core\log\ModLog.java
processing basashi\erm\entity\EntityERMBase.java
processing basashi\erm\entity\EntityLittleGirl.java
processing basashi\erm\entity\IERMAI.java
processing basashi\erm\entity\IEntityERMBase.java
processing basashi\erm\entity\RegistWork.java
processing basashi\erm\event\EventHook.java
processing basashi\erm\gui\GuiTextureSelect.java
processing basashi\erm\gui\GuiTextureSlot.java
processing basashi\erm\gui\TextureBox.java
processing basashi\erm\gui\TextureBoxBase.java
processing basashi\erm\io\OutInputStream.java
processing basashi\erm\item\ERMItem.java
processing basashi\erm\item\ItemCandy.java
processing basashi\erm\item\ItemSoul.java
processing basashi\erm\item\ItemSpawnEgg.java
processing basashi\erm\model\AbstractModelBase.java
processing basashi\erm\model\ERMModelBase.java
processing basashi\erm\model\ERMModelBox.java
processing basashi\erm\model\ERMModelBoxBase.java
processing basashi\erm\model\IModelCaps.java
processing basashi\erm\model\ModelCapsHelper.java
processing basashi\erm\model\ModelERMBase.java
processing basashi\erm\model\ModelERMSimple.java
processing basashi\erm\model\ModelLittleGirl.java
processing basashi\erm\model\ModelPartsInfo.java
processing basashi\erm\model\ModelPartsInfoList.java
processing basashi\erm\render\ERMModelPlate.java
processing basashi\erm\render\ERMModelRenderer.java
processing basashi\erm\render\RenderEntityLittleGirl.java
processing basashi\erm\resource\ERMResourceManager.java
processing basashi\erm\resource\IERMResource.java
processing basashi\erm\resource\PartsListSerializer.java
processing basashi\erm\resource\ResourceAI.java
processing basashi\erm\resource\ResourceSound.java
processing basashi\erm\resource\ResourceText.java
processing basashi\erm\resource\ResourceTexture.java
processing basashi\erm\resource\parts\ERMArmorParts.java
processing basashi\erm\resource\parts\ERMArmorTextureInfo.java
processing basashi\erm\resource\parts\ERMDressParts.java
processing basashi\erm\resource\parts\ERMDressTextureInfo.java
processing basashi\erm\resource\parts\IERMTextureInfo.java
processing basashi\erm\resource\parts\ModelOptionParts.java
processing basashi\erm\resource\parts\ModelOptionPartsInfo.java
processing basashi\erm\resource\parts\ModelPartsInfo.java
processing basashi\erm\resource\parts\ModelPartsInfoList.java
processing basashi\erm\util\Contena2i.java
processing basashi\erm\util\Contena3f.java
processing basashi\erm\util\Contena3i.java
processing basashi\erm\util\ImageMaker.java
processing basashi\erm\util\ImageType.java
processing basashi\erm\util\Util.java
